LexToken(NAME,'a',1,0)
LexToken(EQUALS,'=',1,2)
LexToken(INT,5,1,4)
LexToken(MUL,'*',1,6)
LexToken(INT,5,1,8)
LexToken(PLUS,'+',1,10)
LexToken(INT,1,1,12)
LexToken(SEMICOLON,';',1,13)
LexToken(NAME,'b',1,15)
LexToken(EQUALS,'=',1,17)
LexToken(INT,4,1,19)
LexToken(SEMICOLON,';',1,20)
LexToken(NAME,'a',1,22)
LexToken(EQUALS,'=',1,24)
LexToken(INT,3,1,26)
LexToken(SEMICOLON,';',1,27)
LexToken(NAME,'a',1,0)
LexToken(EQUALS,'=',1,2)
LexToken(INT,5,1,4)
LexToken(MUL,'*',1,6)
LexToken(INT,5,1,8)
LexToken(PLUS,'+',1,10)
LexToken(INT,1,1,12)
LexToken(SEMICOLON,';',1,13)
LexToken(NAME,'b',1,15)
LexToken(EQUALS,'=',1,17)
LexToken(INT,4,1,19)
LexToken(SEMICOLON,';',1,20)
LexToken(NAME,'a',1,22)
LexToken(EQUALS,'=',1,24)
LexToken(INT,3,1,26)
LexToken(SEMICOLON,';',1,27)
LexToken(NAME,'a',1,0)
LexToken(EQUALS,'=',1,2)
LexToken(INT,5,1,4)
LexToken(MUL,'*',1,6)
LexToken(INT,5,1,8)
LexToken(PLUS,'+',1,10)
LexToken(INT,1,1,12)
LexToken(SEMICOLON,';',1,13)
LexToken(NAME,'b',1,15)
LexToken(EQUALS,'=',1,17)
LexToken(INT,4,1,19)
LexToken(SEMICOLON,';',1,20)
LexToken(NAME,'a',1,22)
LexToken(EQUALS,'=',1,24)
LexToken(INT,3,1,26)
LexToken(SEMICOLON,';',1,27)
LexToken(NAME,'a',1,0)
LexToken(EQUALS,'=',1,2)
LexToken(INT,5,1,4)
LexToken(MUL,'*',1,6)
LexToken(INT,5,1,8)
LexToken(PLUS,'+',1,10)
LexToken(INT,1,1,12)
LexToken(SEMICOLON,';',1,13)
LexToken(NAME,'b',1,15)
LexToken(EQUALS,'=',1,17)
LexToken(INT,4,1,19)
LexToken(SEMICOLON,';',1,20)
LexToken(NAME,'a',1,22)
LexToken(EQUALS,'=',1,24)
LexToken(INT,3,1,26)
LexToken(SEMICOLON,';',1,27)
LexToken(NAME,'a',1,0)
LexToken(EQUALS,'=',1,2)
LexToken(INT,6,1,4)
LexToken(SEMICOLON,';',1,5)
LexToken(NAME,'a',1,0)
LexToken(EQUALS,'=',1,2)
LexToken(INT,6,1,4)
LexToken(SEMICOLON,';',1,5)
LexToken(NAME,'a',1,0)
LexToken(LPAREN,'(',1,1)
LexToken(RPAREN,')',1,2)
LexToken(LBRAC,'{',1,4)
LexToken(NAME,'x',1,6)
LexToken(EQUALS,'=',1,8)
LexToken(INT,1,1,10)
LexToken(SEMICOLON,';',1,11)
LexToken(RBRAC,'}',1,13)
LexToken(NAME,'main',1,0)
LexToken(LPAREN,'(',1,4)
LexToken(RPAREN,')',1,5)
LexToken(LBRAC,'{',1,7)
LexToken(NAME,'x',1,9)
LexToken(EQUALS,'=',1,11)
LexToken(INT,1,1,13)
LexToken(SEMICOLON,';',1,14)
LexToken(RBRAC,'}',1,16)
LexToken(NAME,'main',1,0)
LexToken(LPAREN,'(',1,4)
LexToken(RPAREN,')',1,5)
LexToken(LBRAC,'{',1,7)
LexToken(NAME,'x',1,9)
LexToken(EQUALS,'=',1,11)
LexToken(INT,1,1,13)
LexToken(SEMICOLON,';',1,14)
LexToken(RBRAC,'}',1,16)
LexToken(NAME,'main',1,0)
LexToken(LPAREN,'(',1,4)
LexToken(RPAREN,')',1,5)
LexToken(LBRAC,'{',1,7)
LexToken(NAME,'x',1,9)
LexToken(EQUALS,'=',1,11)
LexToken(INT,1,1,13)
LexToken(SEMICOLON,';',1,14)
LexToken(RBRAC,'}',1,16)
LexToken(NAME,'main',1,0)
LexToken(LPAREN,'(',1,4)
LexToken(RPAREN,')',1,5)
LexToken(LBRAC,'{',1,7)
LexToken(NAME,'x',1,9)
LexToken(EQUALS,'=',1,11)
LexToken(INT,1,1,13)
LexToken(SEMICOLON,';',1,14)
LexToken(RBRAC,'}',1,16)
LexToken(NAME,'main',1,0)
LexToken(LPAREN,'(',1,4)
LexToken(RPAREN,')',1,5)
LexToken(LBRAC,'{',1,7)
LexToken(RBRAC,'}',1,9)
LexToken(NAME,'main',1,0)
LexToken(LPAREN,'(',1,4)
LexToken(RPAREN,')',1,5)
LexToken(LBRAC,'{',1,7)
LexToken(NAME,'a',1,9)
LexToken(EQUALS,'=',1,11)
LexToken(INT,6,1,13)
LexToken(SEMICOLON,';',1,14)
LexToken(RBRAC,'}',1,16)
LexToken(NAME,'main',1,0)
LexToken(LPAREN,'(',1,4)
LexToken(RPAREN,')',1,5)
LexToken(LBRAC,'{',1,7)
LexToken(NAME,'a',1,9)
LexToken(EQUALS,'=',1,11)
LexToken(INT,6,1,13)
LexToken(SEMICOLON,';',1,14)
LexToken(NAME,'a',1,16)
LexToken(EQUALS,'=',1,18)
LexToken(INT,4,1,20)
LexToken(SEMICOLON,';',1,21)
LexToken(RBRAC,'}',1,23)
LexToken(NAME,'main',1,0)
LexToken(LPAREN,'(',1,4)
LexToken(RPAREN,')',1,5)
LexToken(LBRAC,'{',1,7)
LexToken(NAME,'a',1,9)
LexToken(EQUALS,'=',1,11)
LexToken(INT,6,1,13)
LexToken(SEMICOLON,';',1,14)
LexToken(NAME,'a',1,16)
LexToken(EQUALS,'=',1,18)
LexToken(INT,4,1,20)
LexToken(SEMICOLON,';',1,21)
LexToken(RETURN,'return',1,23)
LexToken(NAME,'a',1,30)
LexToken(SEMICOLON,';',1,31)
LexToken(RBRAC,'}',1,33)
LexToken(NAME,'main',1,0)
LexToken(LPAREN,'(',1,4)
LexToken(RPAREN,')',1,5)
LexToken(LBRAC,'{',1,7)
LexToken(NAME,'a',1,9)
LexToken(EQUALS,'=',1,11)
LexToken(INT,6,1,13)
LexToken(SEMICOLON,';',1,14)
LexToken(NAME,'a',1,16)
LexToken(EQUALS,'=',1,18)
LexToken(INT,4,1,20)
LexToken(SEMICOLON,';',1,21)
LexToken(RETURN,'return',1,23)
LexToken(NAME,'a',1,30)
LexToken(SEMICOLON,';',1,31)
LexToken(RBRAC,'}',1,33)
LexToken(DEF,'def',1,0)
LexToken(NAME,'main',1,4)
LexToken(LPAREN,'(',1,8)
LexToken(RPAREN,')',1,9)
LexToken(LBRAC,'{',1,11)
LexToken(NAME,'a',1,13)
LexToken(EQUALS,'=',1,15)
LexToken(INT,6,1,17)
LexToken(SEMICOLON,';',1,18)
LexToken(NAME,'a',1,20)
LexToken(EQUALS,'=',1,22)
LexToken(INT,4,1,24)
LexToken(SEMICOLON,';',1,25)
LexToken(RETURN,'return',1,27)
LexToken(NAME,'a',1,34)
LexToken(SEMICOLON,';',1,35)
LexToken(RBRAC,'}',1,37)
LexToken(DEF,'def',1,0)
LexToken(NAME,'main',1,4)
LexToken(LPAREN,'(',1,8)
LexToken(RPAREN,')',1,9)
LexToken(LBRAC,'{',1,11)
LexToken(NAME,'a',1,13)
LexToken(EQUALS,'=',1,15)
LexToken(INT,6,1,17)
LexToken(SEMICOLON,';',1,18)
LexToken(NAME,'a',1,20)
LexToken(EQUALS,'=',1,22)
LexToken(INT,4,1,24)
LexToken(SEMICOLON,';',1,25)
LexToken(RETURN,'return',1,27)
LexToken(NAME,'a',1,34)
LexToken(SEMICOLON,';',1,35)
LexToken(RBRAC,'}',1,37)
